82362
1.7.1
Loading dataset
{0: {1: 367, 0: 190, 2: 198, 3: 75}, 1: {0: 85, 2: 298, 1: 254, 3: 193}, 2: {0: 82, 2: 259, 1: 316, 3: 173}, 3: {0: 126, 2: 322, 1: 239, 3: 143}}
{0: {1: 90, 0: 58, 3: 13, 2: 47}, 1: {2: 74, 1: 67, 0: 24, 3: 43}, 2: {1: 77, 0: 28, 3: 40, 2: 63}, 3: {2: 82, 1: 63, 0: 31, 3: 32}}
train_dataset : batch_size -> 16, step_size -> 52, frames -> 1024
validation_dataset : batch_size -> 16, step_size -> 13, frames -> 1024
=========================================================================================================
Load model : mode -> multi, label_size -> 4, sub_class_num -> 4
train gogosing
----------------------------------------------
lr : 0.001
Epoch:[1] step : [50/52]
data_time: 0.099, batch_time: 2.414
Loss : 4.42300
Label sex_nudity -> F1_score : 0.20259
Label violence_gore -> F1_score : 0.20206
Label profinancy -> F1_score : 0.19601
Label frightening_intense_scene -> F1_score : 0.22148
Age -> F1_score : 0.20570
----------------------------------------------
lr : 0.0009939057285945933
Epoch:[2] step : [50/52]
data_time: 0.093, batch_time: 2.407
Loss : 3.95593
Label sex_nudity -> F1_score : 0.12965
Label violence_gore -> F1_score : 0.23050
Label profinancy -> F1_score : 0.19844
Label frightening_intense_scene -> F1_score : 0.24029
Age -> F1_score : 0.20441
----------------------------------------------
lr : 0.0009757729755661011
Epoch:[3] step : [50/52]
data_time: 0.094, batch_time: 2.423
Loss : 3.87823
Label sex_nudity -> F1_score : 0.15915
Label violence_gore -> F1_score : 0.23893
Label profinancy -> F1_score : 0.18189
Label frightening_intense_scene -> F1_score : 0.31073
Age -> F1_score : 0.20803
----------------------------------------------
lr : 0.0009460482294732421
Epoch:[4] step : [50/52]
data_time: 0.094, batch_time: 2.410
Loss : 3.81466
Label sex_nudity -> F1_score : 0.16318
Label violence_gore -> F1_score : 0.29569
Label profinancy -> F1_score : 0.16990
Label frightening_intense_scene -> F1_score : 0.33588
Age -> F1_score : 0.22706
----------------------------------------------
lr : 0.000905463412215599
Epoch:[5] step : [50/52]
data_time: 0.096, batch_time: 2.416
Loss : 3.78477
Label sex_nudity -> F1_score : 0.17531
Label violence_gore -> F1_score : 0.31951
Label profinancy -> F1_score : 0.21799
Label frightening_intense_scene -> F1_score : 0.31291
Age -> F1_score : 0.25590
======================================================
validation gogosing
Loss : 4.03300
Label sex_nudity -> F1_score : 0.12520
Label violence_gore -> F1_score : 0.22997
Label profinancy -> F1_score : 0.17427
Label frightening_intense_scene -> F1_score : 0.24284
Age -> F1_score : 0.25955
Total F1_score : 0.19307
======================================================
----------------------------------------------
lr : 0.000855017856687341
Epoch:[6] step : [50/52]
data_time: 1.500, batch_time: 3.815
Loss : 3.77113
Label sex_nudity -> F1_score : 0.20016
Label violence_gore -> F1_score : 0.31062
Label profinancy -> F1_score : 0.19913
Label frightening_intense_scene -> F1_score : 0.32675
Age -> F1_score : 0.26995
----------------------------------------------
lr : 0.0007959536998847742
Epoch:[7] step : [50/52]
data_time: 0.094, batch_time: 2.407
Loss : 3.73851
Label sex_nudity -> F1_score : 0.15228
Label violence_gore -> F1_score : 0.32884
Label profinancy -> F1_score : 0.19756
Label frightening_intense_scene -> F1_score : 0.32718
Age -> F1_score : 0.28835
----------------------------------------------
lr : 0.0007297252973710757
Epoch:[8] step : [50/52]
data_time: 2.652, batch_time: 4.968
Loss : 3.75797
Label sex_nudity -> F1_score : 0.20592
Label violence_gore -> F1_score : 0.29888
Label profinancy -> F1_score : 0.21978
Label frightening_intense_scene -> F1_score : 0.34067
Age -> F1_score : 0.24921
----------------------------------------------
lr : 0.000657963412215599
Epoch:[9] step : [50/52]
data_time: 0.096, batch_time: 2.410
Loss : 3.70203
Label sex_nudity -> F1_score : 0.19597
Label violence_gore -> F1_score : 0.31116
Label profinancy -> F1_score : 0.22757
Label frightening_intense_scene -> F1_score : 0.34883
Age -> F1_score : 0.26980
----------------------------------------------
lr : 0.0005824350601949143
Epoch:[10] step : [50/52]
data_time: 0.096, batch_time: 2.417
Loss : 3.69138
Label sex_nudity -> F1_score : 0.18226
Label violence_gore -> F1_score : 0.36907
Label profinancy -> F1_score : 0.24379
Label frightening_intense_scene -> F1_score : 0.38506
Age -> F1_score : 0.30029
======================================================
validation gogosing
Loss : 3.76171
Label sex_nudity -> F1_score : 0.16116
Label violence_gore -> F1_score : 0.33856
Label profinancy -> F1_score : 0.32012
Label frightening_intense_scene -> F1_score : 0.36721
Age -> F1_score : 0.18624
Total F1_score : 0.29676
======================================================
----------------------------------------------
lr : 0.000505
Epoch:[11] step : [50/52]
data_time: 1.212, batch_time: 3.526
Loss : 3.64947
Label sex_nudity -> F1_score : 0.21891
Label violence_gore -> F1_score : 0.37819
Label profinancy -> F1_score : 0.26000
Label frightening_intense_scene -> F1_score : 0.39633
Age -> F1_score : 0.29118
----------------------------------------------
lr : 0.0004275649398050859
Epoch:[12] step : [50/52]
data_time: 0.095, batch_time: 2.410
Loss : 3.61363
Label sex_nudity -> F1_score : 0.23649
Label violence_gore -> F1_score : 0.39675
Label profinancy -> F1_score : 0.29410
Label frightening_intense_scene -> F1_score : 0.42359
Age -> F1_score : 0.32328
----------------------------------------------
lr : 0.0003520365877844011
Epoch:[13] step : [50/52]
data_time: 0.095, batch_time: 2.411
Loss : 3.56008
Label sex_nudity -> F1_score : 0.20261
Label violence_gore -> F1_score : 0.40361
Label profinancy -> F1_score : 0.29067
Label frightening_intense_scene -> F1_score : 0.40215
Age -> F1_score : 0.34609
----------------------------------------------
lr : 0.0002802747026289244
Epoch:[14] step : [50/52]
data_time: 0.096, batch_time: 2.417
Loss : 3.52337
Label sex_nudity -> F1_score : 0.25563
Label violence_gore -> F1_score : 0.46269
Label profinancy -> F1_score : 0.30865
Label frightening_intense_scene -> F1_score : 0.42776
Age -> F1_score : 0.35812
----------------------------------------------
lr : 0.00021404630011522585
Epoch:[15] step : [50/52]
data_time: 0.096, batch_time: 2.414
Loss : 3.49034
Label sex_nudity -> F1_score : 0.27583
Label violence_gore -> F1_score : 0.44432
Label profinancy -> F1_score : 0.34299
Label frightening_intense_scene -> F1_score : 0.46225
Age -> F1_score : 0.38674
======================================================
validation gogosing
Loss : 3.74602
Label sex_nudity -> F1_score : 0.26064
Label violence_gore -> F1_score : 0.28759
Label profinancy -> F1_score : 0.21808
Label frightening_intense_scene -> F1_score : 0.36363
Age -> F1_score : 0.23860
Total F1_score : 0.28248
======================================================
----------------------------------------------
lr : 0.000154982143312659
Epoch:[16] step : [50/52]
data_time: 2.330, batch_time: 4.649
Loss : 3.44374
Label sex_nudity -> F1_score : 0.28801
Label violence_gore -> F1_score : 0.49347
Label profinancy -> F1_score : 0.32072
Label frightening_intense_scene -> F1_score : 0.49149
Age -> F1_score : 0.41723
----------------------------------------------
lr : 0.00010453658778440107
Epoch:[17] step : [50/52]
data_time: 0.100, batch_time: 2.417
Loss : 3.38248
Label sex_nudity -> F1_score : 0.32732
Label violence_gore -> F1_score : 0.50595
Label profinancy -> F1_score : 0.35905
Label frightening_intense_scene -> F1_score : 0.49821
Age -> F1_score : 0.43199
----------------------------------------------
lr : 6.395177052675794e-05
Epoch:[18] step : [50/52]
data_time: 2.243, batch_time: 4.563
Loss : 3.33638
Label sex_nudity -> F1_score : 0.33407
Label violence_gore -> F1_score : 0.48745
Label profinancy -> F1_score : 0.39703
Label frightening_intense_scene -> F1_score : 0.52699
Age -> F1_score : 0.43535
----------------------------------------------
lr : 3.4227024433899005e-05
Epoch:[19] step : [50/52]
data_time: 0.097, batch_time: 2.419
Loss : 3.33990
Label sex_nudity -> F1_score : 0.32765
Label violence_gore -> F1_score : 0.50743
Label profinancy -> F1_score : 0.40078
Label frightening_intense_scene -> F1_score : 0.51776
Age -> F1_score : 0.48070
----------------------------------------------
lr : 1.609427140540686e-05
Epoch:[20] step : [50/52]
data_time: 0.871, batch_time: 3.184
Loss : 3.27862
Label sex_nudity -> F1_score : 0.35156
Label violence_gore -> F1_score : 0.53289
Label profinancy -> F1_score : 0.37936
Label frightening_intense_scene -> F1_score : 0.55753
Age -> F1_score : 0.46051
======================================================
validation gogosing
Loss : 3.82674
Label sex_nudity -> F1_score : 0.25456
Label violence_gore -> F1_score : 0.31408
Label profinancy -> F1_score : 0.28010
Label frightening_intense_scene -> F1_score : 0.35069
Age -> F1_score : 0.29910
Total F1_score : 0.29986
======================================================
----------------------------------------------
lr : 0.001
Epoch:[21] step : [50/52]
data_time: 0.102, batch_time: 2.418
Loss : 3.66908
Label sex_nudity -> F1_score : 0.22837
Label violence_gore -> F1_score : 0.40179
Label profinancy -> F1_score : 0.28274
Label frightening_intense_scene -> F1_score : 0.42155
Age -> F1_score : 0.34104
----------------------------------------------
lr : 0.0009939057285945933
Epoch:[22] step : [50/52]
data_time: 0.099, batch_time: 2.415
Loss : 3.70546
Label sex_nudity -> F1_score : 0.20259
Label violence_gore -> F1_score : 0.35402
Label profinancy -> F1_score : 0.26072
Label frightening_intense_scene -> F1_score : 0.36279
Age -> F1_score : 0.29740
----------------------------------------------
lr : 0.0009757729755661011
Epoch:[23] step : [50/52]
data_time: 2.461, batch_time: 4.775
Loss : 3.64914
Label sex_nudity -> F1_score : 0.23957
Label violence_gore -> F1_score : 0.38404
Label profinancy -> F1_score : 0.26814
Label frightening_intense_scene -> F1_score : 0.40298
Age -> F1_score : 0.33894
----------------------------------------------
lr : 0.0009460482294732421
Epoch:[24] step : [50/52]
data_time: 0.097, batch_time: 2.412
Loss : 3.56888
Label sex_nudity -> F1_score : 0.27301
Label violence_gore -> F1_score : 0.40074
Label profinancy -> F1_score : 0.28509
Label frightening_intense_scene -> F1_score : 0.43659
Age -> F1_score : 0.35084
----------------------------------------------
lr : 0.000905463412215599
Epoch:[25] step : [50/52]
data_time: 0.100, batch_time: 2.418
Loss : 3.52416
Label sex_nudity -> F1_score : 0.29585
Label violence_gore -> F1_score : 0.42793
Label profinancy -> F1_score : 0.31284
Label frightening_intense_scene -> F1_score : 0.44780
Age -> F1_score : 0.40176
======================================================
validation gogosing
Loss : 3.76066
Label sex_nudity -> F1_score : 0.19203
Label violence_gore -> F1_score : 0.33979
Label profinancy -> F1_score : 0.27901
Label frightening_intense_scene -> F1_score : 0.44214
Age -> F1_score : 0.26330
Total F1_score : 0.31324
======================================================
----------------------------------------------
lr : 0.000855017856687341
Epoch:[26] step : [50/52]
data_time: 0.096, batch_time: 2.414
Loss : 3.48090
Label sex_nudity -> F1_score : 0.28291
Label violence_gore -> F1_score : 0.47530
Label profinancy -> F1_score : 0.31757
Label frightening_intense_scene -> F1_score : 0.50249
Age -> F1_score : 0.41878
----------------------------------------------
lr : 0.0007959536998847742
Epoch:[27] step : [50/52]
data_time: 0.096, batch_time: 2.414
Loss : 3.41129
Label sex_nudity -> F1_score : 0.32732
Label violence_gore -> F1_score : 0.45993
Label profinancy -> F1_score : 0.36079
Label frightening_intense_scene -> F1_score : 0.49227
Age -> F1_score : 0.42812
----------------------------------------------
lr : 0.0007297252973710757
Epoch:[28] step : [50/52]
data_time: 0.098, batch_time: 2.412
Loss : 3.35918
Label sex_nudity -> F1_score : 0.34271
Label violence_gore -> F1_score : 0.49551
Label profinancy -> F1_score : 0.35990
Label frightening_intense_scene -> F1_score : 0.53287
Age -> F1_score : 0.43900
----------------------------------------------
lr : 0.000657963412215599
Epoch:[29] step : [50/52]
data_time: 1.157, batch_time: 3.484
Loss : 3.30491
Label sex_nudity -> F1_score : 0.40911
Label violence_gore -> F1_score : 0.52469
Label profinancy -> F1_score : 0.40636
Label frightening_intense_scene -> F1_score : 0.54064
Age -> F1_score : 0.45316
----------------------------------------------
lr : 0.0005824350601949143
Epoch:[30] step : [50/52]
data_time: 0.094, batch_time: 2.409
Loss : 3.19382
Label sex_nudity -> F1_score : 0.42250
Label violence_gore -> F1_score : 0.57327
Label profinancy -> F1_score : 0.46394
Label frightening_intense_scene -> F1_score : 0.59943
Age -> F1_score : 0.48343
======================================================
validation gogosing
Loss : 3.76905
Label sex_nudity -> F1_score : 0.27217
Label violence_gore -> F1_score : 0.34470
Label profinancy -> F1_score : 0.25199
Label frightening_intense_scene -> F1_score : 0.37799
Age -> F1_score : 0.29530
Total F1_score : 0.31171
======================================================
----------------------------------------------
lr : 0.000505
Epoch:[31] step : [50/52]
data_time: 0.097, batch_time: 2.411
Loss : 3.09600
Label sex_nudity -> F1_score : 0.47530
Label violence_gore -> F1_score : 0.59348
Label profinancy -> F1_score : 0.51723
Label frightening_intense_scene -> F1_score : 0.64483
Age -> F1_score : 0.55287
----------------------------------------------
lr : 0.0004275649398050859
Epoch:[32] step : [50/52]
data_time: 0.095, batch_time: 2.409
Loss : 3.03148
Label sex_nudity -> F1_score : 0.48513
Label violence_gore -> F1_score : 0.64127
Label profinancy -> F1_score : 0.50727
Label frightening_intense_scene -> F1_score : 0.66822
Age -> F1_score : 0.57240
----------------------------------------------
lr : 0.0003520365877844011
Epoch:[33] step : [50/52]
data_time: 0.095, batch_time: 2.409
Loss : 2.93416
Label sex_nudity -> F1_score : 0.54120
Label violence_gore -> F1_score : 0.70807
Label profinancy -> F1_score : 0.57938
Label frightening_intense_scene -> F1_score : 0.71381
Age -> F1_score : 0.61723
----------------------------------------------
lr : 0.0002802747026289244
Epoch:[34] step : [50/52]
data_time: 0.094, batch_time: 2.408
Loss : 2.83267
Label sex_nudity -> F1_score : 0.56482
Label violence_gore -> F1_score : 0.73282
Label profinancy -> F1_score : 0.58786
Label frightening_intense_scene -> F1_score : 0.75240
Age -> F1_score : 0.65452
----------------------------------------------
lr : 0.00021404630011522585
Epoch:[35] step : [50/52]
data_time: 0.102, batch_time: 2.415
Loss : 2.75379
Label sex_nudity -> F1_score : 0.61112
Label violence_gore -> F1_score : 0.76815
Label profinancy -> F1_score : 0.64379
Label frightening_intense_scene -> F1_score : 0.77938
Age -> F1_score : 0.69320
======================================================
validation gogosing
Loss : 3.87394
Label sex_nudity -> F1_score : 0.24808
Label violence_gore -> F1_score : 0.36980
Label profinancy -> F1_score : 0.28818
Label frightening_intense_scene -> F1_score : 0.38260
Age -> F1_score : 0.26289
Total F1_score : 0.32217
======================================================
----------------------------------------------
lr : 0.000154982143312659
Epoch:[36] step : [50/52]
data_time: 0.096, batch_time: 2.413
Loss : 2.69875
Label sex_nudity -> F1_score : 0.63131
Label violence_gore -> F1_score : 0.76964
Label profinancy -> F1_score : 0.67366
Label frightening_intense_scene -> F1_score : 0.81423
Age -> F1_score : 0.71812
----------------------------------------------
lr : 0.00010453658778440107
Epoch:[37] step : [50/52]
data_time: 0.093, batch_time: 2.408
Loss : 2.63356
Label sex_nudity -> F1_score : 0.66387
Label violence_gore -> F1_score : 0.80019
Label profinancy -> F1_score : 0.70257
Label frightening_intense_scene -> F1_score : 0.80272
Age -> F1_score : 0.77271
----------------------------------------------
lr : 6.395177052675794e-05
Epoch:[38] step : [50/52]
data_time: 0.114, batch_time: 2.574
Loss : 2.58107
Label sex_nudity -> F1_score : 0.67047
Label violence_gore -> F1_score : 0.84023
Label profinancy -> F1_score : 0.72384
Label frightening_intense_scene -> F1_score : 0.85612
Age -> F1_score : 0.77043
----------------------------------------------
lr : 3.4227024433899005e-05
Epoch:[39] step : [50/52]
data_time: 2.592, batch_time: 4.905
Loss : 2.54887
Label sex_nudity -> F1_score : 0.71055
Label violence_gore -> F1_score : 0.85081
Label profinancy -> F1_score : 0.74303
Label frightening_intense_scene -> F1_score : 0.85595
Age -> F1_score : 0.79368
----------------------------------------------
lr : 1.609427140540686e-05
Epoch:[40] step : [50/52]
data_time: 0.100, batch_time: 2.422
Loss : 2.53467
Label sex_nudity -> F1_score : 0.69771
Label violence_gore -> F1_score : 0.83929
Label profinancy -> F1_score : 0.75291
Label frightening_intense_scene -> F1_score : 0.85810
Age -> F1_score : 0.80286
======================================================
validation gogosing
Loss : 3.96374
Label sex_nudity -> F1_score : 0.30453
Label violence_gore -> F1_score : 0.36197
Label profinancy -> F1_score : 0.31174
Label frightening_intense_scene -> F1_score : 0.43430
Age -> F1_score : 0.27810
Total F1_score : 0.35314
======================================================
