Please update your PyTorchVideo to latest master
100077
1.7.1
Loading dataset
{0: {1: 398, 0: 235, 2: 224, 3: 82}, 1: {2: 334, 1: 256, 3: 273, 0: 76}, 2: {1: 330, 0: 84, 2: 310, 3: 215}, 3: {2: 367, 1: 233, 0: 131, 3: 208}}
{0: {0: 105, 2: 118, 3: 35, 1: 211}, 1: {2: 166, 3: 134, 1: 122, 0: 47}, 2: {2: 150, 3: 106, 1: 177, 0: 36}, 3: {2: 184, 3: 104, 1: 120, 0: 61}}
train_dataset : batch_size -> 2, step_size -> 470, frames -> 1024
validation_dataset : batch_size -> 2, step_size -> 235, frames -> 1024
=========================================================================================================
Load model : mode -> multi, label_size -> 4, sub_class_num -> 4
!! pred_b: can not be converted, got head.projection.bias
!! pred_w: can not be converted, got head.projection.weight
Not loaded {'lstm.bias_hh_l1_reverse', 'content_fc.3.weight', 'lstm.bias_ih_l1', 'lstm.bias_hh_l0', 'lstm.weight_hh_l0', 'genre_fc.weight', 'lstm.bias_ih_l0', 'lstm.weight_ih_l0', 'lstm.weight_ih_l0_reverse', 'content_fc.3.bias', 'age_fc.bias', 'lstm.weight_hh_l1', 'lstm.weight_hh_l0_reverse', 'lstm.weight_ih_l1_reverse', 'content_fc.1.weight', 'content_fc.2.bias', 'lstm.bias_ih_l0_reverse', 'content_fc.1.bias', 'lstm.bias_hh_l0_reverse', 'lstm.weight_ih_l1', 'content_fc.2.weight', 'lstm.bias_ih_l1_reverse', 'genre_fc.bias', 'lstm.weight_hh_l1_reverse', 'age_fc.weight', 'content_fc.0.bias', 'content_fc.0.weight', 'lstm.bias_hh_l1'}
tensor([0.9989, 0.5898, 1.0480, 2.8628], device='cuda:1')
tensor([3.0888, 0.9170, 0.7028, 0.8599], device='cuda:1')
tensor([2.7946, 0.7114, 0.7573, 1.0919], device='cuda:1')
tensor([1.7920, 1.0075, 0.6396, 1.1286], device='cuda:1')
train gogosing
----------------------------------------------
lr : 0.001
Epoch:[1] step : [470/470]
data_time: 0.567, batch_time: 2.630
Loss : 3.36301
Label sex_nudity -> precision_score : 0.24748 recall_score : 0.24806 f1_score : 0.24777
Label violence_gore -> precision_score : 0.17115 recall_score : 0.20801 f1_score : 0.18779
Label profinancy -> precision_score : 0.23061 recall_score : 0.22957 f1_score : 0.23009
Label frightening_intense_scene -> precision_score : 0.24591 recall_score : 0.24972 f1_score : 0.24780
Label Age -> precision_score : 0.26761 recall_score : 0.26163 f1_score : 0.26459
----------------------------------------------
lr : 0.0014
Epoch:[2] step : [470/470]
data_time: 0.160, batch_time: 2.214
Loss : 3.28986
Label sex_nudity -> precision_score : 0.20321 recall_score : 0.22952 f1_score : 0.21557
Label violence_gore -> precision_score : 0.21988 recall_score : 0.26299 f1_score : 0.23951
Label profinancy -> precision_score : 0.23688 recall_score : 0.23323 f1_score : 0.23504
Label frightening_intense_scene -> precision_score : 0.24223 recall_score : 0.24226 f1_score : 0.24224
Label Age -> precision_score : 0.25227 recall_score : 0.22587 f1_score : 0.23834
----------------------------------------------
lr : 0.0018
Epoch:[3] step : [470/470]
data_time: 0.648, batch_time: 2.647
Loss : 3.26919
Label sex_nudity -> precision_score : 0.32225 recall_score : 0.22787 f1_score : 0.26697
Label violence_gore -> precision_score : 0.33648 recall_score : 0.25836 f1_score : 0.29229
Label profinancy -> precision_score : 0.26559 recall_score : 0.25696 f1_score : 0.26121
Label frightening_intense_scene -> precision_score : 0.27429 recall_score : 0.26873 f1_score : 0.27148
Label Age -> precision_score : 0.23747 recall_score : 0.24263 f1_score : 0.24002
----------------------------------------------
lr : 0.0022
Epoch:[4] step : [470/470]
data_time: 0.057, batch_time: 2.150
Loss : 3.25665
Label sex_nudity -> precision_score : 0.34532 recall_score : 0.24307 f1_score : 0.28531
Label violence_gore -> precision_score : 0.10014 recall_score : 0.24563 f1_score : 0.14227
Label profinancy -> precision_score : 0.24783 recall_score : 0.23485 f1_score : 0.24117
Label frightening_intense_scene -> precision_score : 0.26069 recall_score : 0.24598 f1_score : 0.25312
Label Age -> precision_score : 0.25235 recall_score : 0.24338 f1_score : 0.24778
----------------------------------------------
lr : 0.0026
Epoch:[5] step : [470/470]
data_time: 1.325, batch_time: 3.405
Loss : 3.26492
Label sex_nudity -> precision_score : 0.58147 recall_score : 0.24845 f1_score : 0.34814
Label violence_gore -> precision_score : 0.02034 recall_score : 0.25000 f1_score : 0.03762
Label profinancy -> precision_score : 0.20022 recall_score : 0.23015 f1_score : 0.21414
Label frightening_intense_scene -> precision_score : 0.26179 recall_score : 0.26448 f1_score : 0.26313
Label Age -> precision_score : 0.27574 recall_score : 0.25821 f1_score : 0.26669
======================================================
validation gogosing
Loss : 3.26388
Label sex_nudity -> precision_score : 0.01866 recall_score : 0.25000 f1_score : 0.03472
Label violence_gore -> precision_score : 0.02505 recall_score : 0.25000 f1_score : 0.04554
Label profinancy -> precision_score : 0.01919 recall_score : 0.25000 f1_score : 0.03564
Label frightening_intense_scene -> precision_score : 0.03252 recall_score : 0.25000 f1_score : 0.05755
Label Age -> precision_score : 0.32154 recall_score : 0.25594 f1_score : 0.28502
Total F1_score : 0.04336
======================================================
----------------------------------------------
lr : 0.003
Epoch:[6] step : [470/470]
data_time: 1.430, batch_time: 3.510
Loss : 3.26012
Label sex_nudity -> precision_score : 0.15530 recall_score : 0.25546 f1_score : 0.19317
Label violence_gore -> precision_score : 0.02026 recall_score : 0.25000 f1_score : 0.03748
Label profinancy -> precision_score : 0.25774 recall_score : 0.24171 f1_score : 0.24947
Label frightening_intense_scene -> precision_score : 0.23302 recall_score : 0.23941 f1_score : 0.23617
Label Age -> precision_score : 0.21852 recall_score : 0.24021 f1_score : 0.22885
----------------------------------------------
lr : 0.0034000000000000002
Epoch:[7] step : [470/470]
data_time: 1.865, batch_time: 3.918
Loss : 3.25683
Label sex_nudity -> precision_score : 0.35526 recall_score : 0.25218 f1_score : 0.29497
Label violence_gore -> precision_score : 0.02023 recall_score : 0.25000 f1_score : 0.03744
Label profinancy -> precision_score : 0.14885 recall_score : 0.23659 f1_score : 0.18274
Label frightening_intense_scene -> precision_score : 0.21182 recall_score : 0.23636 f1_score : 0.22342
Label Age -> precision_score : 0.23604 recall_score : 0.24478 f1_score : 0.24033
----------------------------------------------
lr : 0.0038
Epoch:[8] step : [470/470]
data_time: 1.328, batch_time: 3.395
Loss : 3.25402
Label sex_nudity -> precision_score : 0.02183 recall_score : 0.25000 f1_score : 0.04016
Label violence_gore -> precision_score : 0.02023 recall_score : 0.25000 f1_score : 0.03744
Label profinancy -> precision_score : 0.04412 recall_score : 0.24637 f1_score : 0.07484
Label frightening_intense_scene -> precision_score : 0.27683 recall_score : 0.26047 f1_score : 0.26840
Label Age -> precision_score : 0.24467 recall_score : 0.23401 f1_score : 0.23922
----------------------------------------------
lr : 0.004200000000000001
Epoch:[9] step : [470/470]
data_time: 1.857, batch_time: 3.955
Loss : 3.25188
Label sex_nudity -> precision_score : 0.02183 recall_score : 0.25000 f1_score : 0.04016
Label violence_gore -> precision_score : 0.02023 recall_score : 0.25000 f1_score : 0.03744
Label profinancy -> precision_score : 0.04137 recall_score : 0.24521 f1_score : 0.07079
Label frightening_intense_scene -> precision_score : 0.39634 recall_score : 0.24946 f1_score : 0.30620
Label Age -> precision_score : 0.27542 recall_score : 0.26430 f1_score : 0.26974
----------------------------------------------
lr : 0.0046
Epoch:[10] step : [470/470]
data_time: 0.071, batch_time: 2.117
Loss : 3.24311
Label sex_nudity -> precision_score : 0.02183 recall_score : 0.25000 f1_score : 0.04016
Label violence_gore -> precision_score : 0.02023 recall_score : 0.25000 f1_score : 0.03744
Label profinancy -> precision_score : 0.05798 recall_score : 0.24819 f1_score : 0.09400
Label frightening_intense_scene -> precision_score : 0.13561 recall_score : 0.25185 f1_score : 0.17630
Label Age -> precision_score : 0.26627 recall_score : 0.24982 f1_score : 0.25779
======================================================
validation gogosing
Loss : 3.28929
Label sex_nudity -> precision_score : 0.01866 recall_score : 0.25000 f1_score : 0.03472
Label violence_gore -> precision_score : 0.02505 recall_score : 0.25000 f1_score : 0.04554
Label profinancy -> precision_score : 0.01919 recall_score : 0.25000 f1_score : 0.03564
Label frightening_intense_scene -> precision_score : 0.03252 recall_score : 0.25000 f1_score : 0.05755
Label Age -> precision_score : 0.13137 recall_score : 0.26700 f1_score : 0.17610
Total F1_score : 0.04336
======================================================
----------------------------------------------
lr : 0.005
Epoch:[11] step : [470/470]
data_time: 8.975, batch_time: 10.998
Loss : 3.24682
Label sex_nudity -> precision_score : 0.02183 recall_score : 0.25000 f1_score : 0.04016
Label violence_gore -> precision_score : 0.02023 recall_score : 0.25000 f1_score : 0.03744
Label profinancy -> precision_score : 0.02241 recall_score : 0.25000 f1_score : 0.04114
Label frightening_intense_scene -> precision_score : 0.16052 recall_score : 0.25505 f1_score : 0.19703
Label Age -> precision_score : 0.23626 recall_score : 0.25840 f1_score : 0.24683
----------------------------------------------
lr : 0.004993834667466256
Epoch:[12] step : [470/470]
data_time: 0.060, batch_time: 2.085
Loss : 3.24581
Label sex_nudity -> precision_score : 0.02183 recall_score : 0.25000 f1_score : 0.04016
Label violence_gore -> precision_score : 0.02023 recall_score : 0.25000 f1_score : 0.03744
Label profinancy -> precision_score : 0.02236 recall_score : 0.25000 f1_score : 0.04106
Label frightening_intense_scene -> precision_score : 0.03446 recall_score : 0.24618 f1_score : 0.06045
Label Age -> precision_score : 0.28156 recall_score : 0.24736 f1_score : 0.26335
----------------------------------------------
lr : 0.004975376681190275
Epoch:[13] step : [470/470]
data_time: 0.885, batch_time: 2.904
Loss : 3.24021
Label sex_nudity -> precision_score : 0.02183 recall_score : 0.25000 f1_score : 0.04016
Label violence_gore -> precision_score : 0.02023 recall_score : 0.25000 f1_score : 0.03744
Label profinancy -> precision_score : 0.27239 recall_score : 0.25116 f1_score : 0.26135
Label frightening_intense_scene -> precision_score : 0.03495 recall_score : 0.25000 f1_score : 0.06133
Label Age -> precision_score : 0.24408 recall_score : 0.26385 f1_score : 0.25358
----------------------------------------------
lr : 0.0049447398407953536
Epoch:[14] step : [470/470]
data_time: 0.572, batch_time: 2.634
Loss : 3.23499
Label sex_nudity -> precision_score : 0.02183 recall_score : 0.25000 f1_score : 0.04016
Label violence_gore -> precision_score : 0.02023 recall_score : 0.25000 f1_score : 0.03744
Label profinancy -> precision_score : 0.02236 recall_score : 0.25000 f1_score : 0.04106
Label frightening_intense_scene -> precision_score : 0.28491 recall_score : 0.25120 f1_score : 0.26700
Label Age -> precision_score : 0.28462 recall_score : 0.25558 f1_score : 0.26932
----------------------------------------------
lr : 0.004902113032590307
Epoch:[15] step : [470/470]
data_time: 0.716, batch_time: 2.729
Loss : 3.23361
Label sex_nudity -> precision_score : 0.02183 recall_score : 0.25000 f1_score : 0.04016
Label violence_gore -> precision_score : 0.02023 recall_score : 0.25000 f1_score : 0.03744
Label profinancy -> precision_score : 0.02236 recall_score : 0.25000 f1_score : 0.04106
Label frightening_intense_scene -> precision_score : 0.03488 recall_score : 0.25000 f1_score : 0.06121
Label Age -> precision_score : 0.23694 recall_score : 0.24278 f1_score : 0.23983
======================================================
validation gogosing
Loss : 3.29108
Label sex_nudity -> precision_score : 0.01866 recall_score : 0.25000 f1_score : 0.03472
Label violence_gore -> precision_score : 0.02505 recall_score : 0.25000 f1_score : 0.04554
Label profinancy -> precision_score : 0.01919 recall_score : 0.25000 f1_score : 0.03564
Label frightening_intense_scene -> precision_score : 0.03252 recall_score : 0.25000 f1_score : 0.05755
Label Age -> precision_score : 0.02724 recall_score : 0.25000 f1_score : 0.04913
Total F1_score : 0.04336
======================================================
----------------------------------------------
lr : 0.004847759065022574
Epoch:[16] step : [470/470]
data_time: 0.055, batch_time: 2.070
Loss : 3.22550
Label sex_nudity -> precision_score : 0.02183 recall_score : 0.25000 f1_score : 0.04016
Label violence_gore -> precision_score : 0.02023 recall_score : 0.25000 f1_score : 0.03744
Label profinancy -> precision_score : 0.02236 recall_score : 0.25000 f1_score : 0.04106
Label frightening_intense_scene -> precision_score : 0.03488 recall_score : 0.25000 f1_score : 0.06121
Label Age -> precision_score : 0.27102 recall_score : 0.26707 f1_score : 0.26903
----------------------------------------------
lr : 0.004782013048376736
Epoch:[17] step : [470/470]
data_time: 0.098, batch_time: 2.104
Loss : 3.22562
Label sex_nudity -> precision_score : 0.02183 recall_score : 0.25000 f1_score : 0.04016
Label violence_gore -> precision_score : 0.02023 recall_score : 0.25000 f1_score : 0.03744
Label profinancy -> precision_score : 0.02236 recall_score : 0.25000 f1_score : 0.04106
Label frightening_intense_scene -> precision_score : 0.03465 recall_score : 0.24809 f1_score : 0.06080
Label Age -> precision_score : 0.27463 recall_score : 0.29201 f1_score : 0.28305
----------------------------------------------
lr : 0.004705280328708185
Epoch:[18] step : [470/470]
data_time: 0.069, batch_time: 2.064
Loss : 3.21958
Label sex_nudity -> precision_score : 0.02183 recall_score : 0.25000 f1_score : 0.04016
Label violence_gore -> precision_score : 0.02023 recall_score : 0.25000 f1_score : 0.03744
Label profinancy -> precision_score : 0.02236 recall_score : 0.25000 f1_score : 0.04106
Label frightening_intense_scene -> precision_score : 0.03491 recall_score : 0.25000 f1_score : 0.06127
Label Age -> precision_score : 0.30303 recall_score : 0.28629 f1_score : 0.29442
----------------------------------------------
lr : 0.004618033988749895
Epoch:[19] step : [470/470]
data_time: 1.332, batch_time: 3.349
Loss : 3.22415
Label sex_nudity -> precision_score : 0.02183 recall_score : 0.25000 f1_score : 0.04016
Label violence_gore -> precision_score : 0.02023 recall_score : 0.25000 f1_score : 0.03744
Label profinancy -> precision_score : 0.02236 recall_score : 0.25000 f1_score : 0.04106
Label frightening_intense_scene -> precision_score : 0.03488 recall_score : 0.25000 f1_score : 0.06121
Label Age -> precision_score : 0.28452 recall_score : 0.28142 f1_score : 0.28296
----------------------------------------------
lr : 0.004520811931200063
Epoch:[20] step : [470/470]
data_time: 0.098, batch_time: 2.098
Loss : 3.22342
Label sex_nudity -> precision_score : 0.02183 recall_score : 0.25000 f1_score : 0.04016
Label violence_gore -> precision_score : 0.02023 recall_score : 0.25000 f1_score : 0.03744
Label profinancy -> precision_score : 0.02236 recall_score : 0.25000 f1_score : 0.04106
Label frightening_intense_scene -> precision_score : 0.03488 recall_score : 0.25000 f1_score : 0.06121
Label Age -> precision_score : 0.30402 recall_score : 0.27412 f1_score : 0.28830
======================================================
validation gogosing
Loss : 3.28561
Label sex_nudity -> precision_score : 0.01866 recall_score : 0.25000 f1_score : 0.03472
Label violence_gore -> precision_score : 0.02505 recall_score : 0.25000 f1_score : 0.04554
Label profinancy -> precision_score : 0.01919 recall_score : 0.25000 f1_score : 0.03564
Label frightening_intense_scene -> precision_score : 0.03252 recall_score : 0.25000 f1_score : 0.05755
Label Age -> precision_score : 0.02748 recall_score : 0.25000 f1_score : 0.04951
Total F1_score : 0.04336
======================================================
