1.8.0
Loading dataset
{1: 84, 3: 55, 2: 60, 0: 25}
{1: 17, 2: 24, 3: 14, 0: 10}
train_dataset : batch_size -> 8, step_size -> 28, frames -> 1024
validation_dataset : batch_size -> 8, step_size -> 9, frames -> 1024
=========================================================================================================
Load model : mode -> single, label_size -> 1, sub_class_num -> 4
Traceback (most recent call last):
  File "main.py", line 127, in <module>
    main()
  File "main.py", line 90, in main
    model = model.to(device)
  File "/home/guest0/.conda/envs/uchanpython/lib/python3.8/site-packages/torch/nn/modules/module.py", line 673, in to
    return self._apply(convert)
  File "/home/guest0/.conda/envs/uchanpython/lib/python3.8/site-packages/torch/nn/modules/module.py", line 387, in _apply
    module._apply(fn)
  File "/home/guest0/.conda/envs/uchanpython/lib/python3.8/site-packages/torch/nn/modules/module.py", line 409, in _apply
    param_applied = fn(param)
  File "/home/guest0/.conda/envs/uchanpython/lib/python3.8/site-packages/torch/nn/modules/module.py", line 671, in convert
    return t.to(device, dtype if t.is_floating_point() or t.is_complex() else None, non_blocking)
KeyboardInterrupt
